[13-Sep-2021 13:06:25 UTC] PHP Warning:  filemtime(): stat failed for /var/www/htdocs/wp-content/plugins/movie-library-features/assets/build/js/blocks.js in /var/www/htdocs/wp-content/plugins/movie-library-features/inc/classes/class-blocks.php on line 50
[13-Sep-2021 13:06:35 UTC] PHP Warning:  filemtime(): stat failed for /var/www/htdocs/wp-content/plugins/movie-library-features/assets/build/js/blocks.js in /var/www/htdocs/wp-content/plugins/movie-library-features/inc/classes/class-blocks.php on line 50
[13-Sep-2021 13:06:44 UTC] PHP Warning:  filemtime(): stat failed for /var/www/htdocs/wp-content/plugins/movie-library-features/assets/build/js/blocks.js in /var/www/htdocs/wp-content/plugins/movie-library-features/inc/classes/class-blocks.php on line 50
[13-Sep-2021 13:07:01 UTC] PHP Warning:  filemtime(): stat failed for /var/www/htdocs/wp-content/plugins/movie-library-features/assets/build/js/blocks.js in /var/www/htdocs/wp-content/plugins/movie-library-features/inc/classes/class-blocks.php on line 50
[13-Sep-2021 13:15:31 UTC] PHP Warning:  filemtime(): stat failed for /var/www/htdocs/wp-content/plugins/movie-library-features/assets/build/js/blocks.js in /var/www/htdocs/wp-content/plugins/movie-library-features/inc/classes/class-blocks.php on line 50
[13-Sep-2021 13:15:39 UTC] PHP Fatal error:  Uncaught ArgumentCountError: Too few arguments to function Movie_Library\Features\Inc\Post_Types\Post_Type_Person::create_person_taxonomy_term(), 1 passed in /var/www/htdocs/wp-includes/class-wp-hook.php on line 305 and exactly 2 expected in /var/www/htdocs/wp-content/plugins/movie-library-features/inc/classes/post-types/class-post-type-person.php:96
Stack trace:
#0 /var/www/htdocs/wp-includes/class-wp-hook.php(305): Movie_Library\Features\Inc\Post_Types\Post_Type_Person->create_person_taxonomy_term(24)
#1 /var/www/htdocs/wp-includes/class-wp-hook.php(327): WP_Hook->apply_filters('', Array)
#2 /var/www/htdocs/wp-includes/plugin.php(470): WP_Hook->do_action(Array)
#3 /var/www/htdocs/wp-includes/post.php(5148): do_action('publish_person', 24, Object(WP_Post))
#4 /var/www/htdocs/wp-includes/post.php(4368): wp_transition_post_status('publish', 'auto-draft', Object(WP_Post))
#5 /var/www/htdocs/wp-includes/post.php(4570): wp_insert_post(Array, true, false)
#6 /var/www/htdocs/wp-includes/rest-api/endpoints/class-wp- in /var/www/htdocs/wp-content/plugins/movie-library-features/inc/classes/post-types/class-post-type-person.php on line 96
[13-Sep-2021 13:15:39 UTC] PHP Fatal error:  Uncaught ArgumentCountError: Too few arguments to function Movie_Library\Features\Inc\Post_Types\Post_Type_Person::create_person_taxonomy_term(), 1 passed in /var/www/htdocs/wp-includes/class-wp-hook.php on line 305 and exactly 2 expected in /var/www/htdocs/wp-content/plugins/movie-library-features/inc/classes/post-types/class-post-type-person.php:96
Stack trace:
#0 /var/www/htdocs/wp-includes/class-wp-hook.php(305): Movie_Library\Features\Inc\Post_Types\Post_Type_Person->create_person_taxonomy_term(24)
#1 /var/www/htdocs/wp-includes/class-wp-hook.php(327): WP_Hook->apply_filters('', Array)
#2 /var/www/htdocs/wp-includes/plugin.php(470): WP_Hook->do_action(Array)
#3 /var/www/htdocs/wp-includes/post.php(5148): do_action('publish_person', 24, Object(WP_Post))
#4 /var/www/htdocs/wp-includes/post.php(4368): wp_transition_post_status('publish', 'publish', Object(WP_Post))
#5 /var/www/htdocs/wp-includes/post.php(4570): wp_insert_post(Array, false, true)
#6 /var/www/htdocs/wp-admin/includes/post.php(423): wp_update_ in /var/www/htdocs/wp-content/plugins/movie-library-features/inc/classes/post-types/class-post-type-person.php on line 96
[13-Sep-2021 13:15:44 UTC] PHP Warning:  filemtime(): stat failed for /var/www/htdocs/wp-content/plugins/movie-library-features/assets/build/js/blocks.js in /var/www/htdocs/wp-content/plugins/movie-library-features/inc/classes/class-blocks.php on line 50
[13-Sep-2021 13:17:01 UTC] PHP Fatal error:  Cannot override final method Movie_Library\Features\Inc\Post_Types\Base::__construct() in /var/www/htdocs/wp-content/plugins/movie-library-features/inc/classes/post-types/class-post-type-person.php on line 32
[13-Sep-2021 13:17:08 UTC] PHP Fatal error:  Cannot override final method Movie_Library\Features\Inc\Post_Types\Base::__construct() in /var/www/htdocs/wp-content/plugins/movie-library-features/inc/classes/post-types/class-post-type-person.php on line 32
[13-Sep-2021 13:17:10 UTC] PHP Fatal error:  Cannot override final method Movie_Library\Features\Inc\Post_Types\Base::__construct() in /var/www/htdocs/wp-content/plugins/movie-library-features/inc/classes/post-types/class-post-type-person.php on line 32
[13-Sep-2021 13:17:10 UTC] PHP Notice:  is_embed was called <strong>incorrectly</strong>. Conditional query tags do not work before the query is run. Before then, they always return false. Please see <a href="https://wordpress.org/support/article/debugging-in-wordpress/">Debugging in WordPress</a> for more information. (This message was added in version 3.1.0.) in /var/www/htdocs/wp-includes/functions.php on line 5535
[13-Sep-2021 13:17:10 UTC] PHP Notice:  is_search was called <strong>incorrectly</strong>. Conditional query tags do not work before the query is run. Before then, they always return false. Please see <a href="https://wordpress.org/support/article/debugging-in-wordpress/">Debugging in WordPress</a> for more information. (This message was added in version 3.1.0.) in /var/www/htdocs/wp-includes/functions.php on line 5535
[13-Sep-2021 13:20:54 UTC] PHP Fatal error:  Class Movie_Library\Features\Inc\Post_Types\Post_Type_Movie contains 1 abstract method and must therefore be declared abstract or implement the remaining methods (Movie_Library\Features\Inc\Post_Types\Base::setup_publish_post_hook) in /var/www/htdocs/wp-content/plugins/movie-library-features/inc/classes/post-types/class-post-type-movie.php on line 13
[13-Sep-2021 13:20:54 UTC] PHP Notice:  is_embed was called <strong>incorrectly</strong>. Conditional query tags do not work before the query is run. Before then, they always return false. Please see <a href="https://wordpress.org/support/article/debugging-in-wordpress/">Debugging in WordPress</a> for more information. (This message was added in version 3.1.0.) in /var/www/htdocs/wp-includes/functions.php on line 5535
[13-Sep-2021 13:20:54 UTC] PHP Notice:  is_search was called <strong>incorrectly</strong>. Conditional query tags do not work before the query is run. Before then, they always return false. Please see <a href="https://wordpress.org/support/article/debugging-in-wordpress/">Debugging in WordPress</a> for more information. (This message was added in version 3.1.0.) in /var/www/htdocs/wp-includes/functions.php on line 5535
[13-Sep-2021 13:22:05 UTC] PHP Warning:  filemtime(): stat failed for /var/www/htdocs/wp-content/plugins/movie-library-features/assets/build/js/blocks.js in /var/www/htdocs/wp-content/plugins/movie-library-features/inc/classes/class-blocks.php on line 50
[13-Sep-2021 13:22:30 UTC] PHP Fatal error:  Uncaught ArgumentCountError: Too few arguments to function Movie_Library\Features\Inc\Post_Types\Post_Type_Person::create_person_taxonomy_term(), 1 passed in /var/www/htdocs/wp-includes/class-wp-hook.php on line 305 and exactly 2 expected in /var/www/htdocs/wp-content/plugins/movie-library-features/inc/classes/post-types/class-post-type-person.php:95
Stack trace:
#0 /var/www/htdocs/wp-includes/class-wp-hook.php(305): Movie_Library\Features\Inc\Post_Types\Post_Type_Person->create_person_taxonomy_term(26)
#1 /var/www/htdocs/wp-includes/class-wp-hook.php(327): WP_Hook->apply_filters('', Array)
#2 /var/www/htdocs/wp-includes/plugin.php(470): WP_Hook->do_action(Array)
#3 /var/www/htdocs/wp-includes/post.php(5148): do_action('publish_person', 26, Object(WP_Post))
#4 /var/www/htdocs/wp-includes/post.php(4368): wp_transition_post_status('publish', 'auto-draft', Object(WP_Post))
#5 /var/www/htdocs/wp-includes/post.php(4570): wp_insert_post(Array, true, false)
#6 /var/www/htdocs/wp-includes/rest-api/endpoints/class-wp- in /var/www/htdocs/wp-content/plugins/movie-library-features/inc/classes/post-types/class-post-type-person.php on line 95
[13-Sep-2021 13:22:30 UTC] PHP Fatal error:  Uncaught ArgumentCountError: Too few arguments to function Movie_Library\Features\Inc\Post_Types\Post_Type_Person::create_person_taxonomy_term(), 1 passed in /var/www/htdocs/wp-includes/class-wp-hook.php on line 305 and exactly 2 expected in /var/www/htdocs/wp-content/plugins/movie-library-features/inc/classes/post-types/class-post-type-person.php:95
Stack trace:
#0 /var/www/htdocs/wp-includes/class-wp-hook.php(305): Movie_Library\Features\Inc\Post_Types\Post_Type_Person->create_person_taxonomy_term(26)
#1 /var/www/htdocs/wp-includes/class-wp-hook.php(327): WP_Hook->apply_filters('', Array)
#2 /var/www/htdocs/wp-includes/plugin.php(470): WP_Hook->do_action(Array)
#3 /var/www/htdocs/wp-includes/post.php(5148): do_action('publish_person', 26, Object(WP_Post))
#4 /var/www/htdocs/wp-includes/post.php(4368): wp_transition_post_status('publish', 'publish', Object(WP_Post))
#5 /var/www/htdocs/wp-includes/post.php(4570): wp_insert_post(Array, false, true)
#6 /var/www/htdocs/wp-admin/includes/post.php(423): wp_update_ in /var/www/htdocs/wp-content/plugins/movie-library-features/inc/classes/post-types/class-post-type-person.php on line 95
[13-Sep-2021 13:22:45 UTC] PHP Warning:  filemtime(): stat failed for /var/www/htdocs/wp-content/plugins/movie-library-features/assets/build/js/blocks.js in /var/www/htdocs/wp-content/plugins/movie-library-features/inc/classes/class-blocks.php on line 50
[13-Sep-2021 13:23:08 UTC] PHP Fatal error:  Class Movie_Library\Features\Inc\Post_Types\Post_Type_Movie contains 1 abstract method and must therefore be declared abstract or implement the remaining methods (Movie_Library\Features\Inc\Post_Types\Base::setup_publish_post_hook) in /var/www/htdocs/wp-content/plugins/movie-library-features/inc/classes/post-types/class-post-type-movie.php on line 13
[13-Sep-2021 13:25:08 UTC] PHP Fatal error:  Uncaught Error: Call to undefined method Movie_Library\Features\Inc\Post_Types\Post_Type_Movie::setup_publish_post_hook() in /var/www/htdocs/wp-content/plugins/movie-library-features/inc/classes/post-types/class-base.php:25
Stack trace:
#0 /var/www/htdocs/wp-content/plugins/movie-library-features/inc/traits/trait-singleton.php(76): Movie_Library\Features\Inc\Post_Types\Base->__construct()
#1 /var/www/htdocs/wp-content/plugins/movie-library-features/inc/classes/class-post-types.php(44): Movie_Library\Features\Inc\Post_Types\Base::get_instance()
#2 /var/www/htdocs/wp-content/plugins/movie-library-features/inc/classes/class-post-types.php(33): Movie_Library\Features\Inc\Post_Types->register_post_types()
#3 /var/www/htdocs/wp-content/plugins/movie-library-features/inc/traits/trait-singleton.php(76): Movie_Library\Features\Inc\Post_Types->__construct()
#4 /var/www/htdocs/wp-content/plugins/movie-library-features/inc/classes/class-plugin.php(26): Movie_Library\Features\Inc\Post_Types::get_instance()
#5 /var/www/htd in /var/www/htdocs/wp-content/plugins/movie-library-features/inc/classes/post-types/class-base.php on line 25
[13-Sep-2021 13:25:16 UTC] PHP Fatal error:  Uncaught Error: Call to undefined method Movie_Library\Features\Inc\Post_Types\Post_Type_Movie::setup_publish_post_hook() in /var/www/htdocs/wp-content/plugins/movie-library-features/inc/classes/post-types/class-base.php:25
Stack trace:
#0 /var/www/htdocs/wp-content/plugins/movie-library-features/inc/traits/trait-singleton.php(76): Movie_Library\Features\Inc\Post_Types\Base->__construct()
#1 /var/www/htdocs/wp-content/plugins/movie-library-features/inc/classes/class-post-types.php(44): Movie_Library\Features\Inc\Post_Types\Base::get_instance()
#2 /var/www/htdocs/wp-content/plugins/movie-library-features/inc/classes/class-post-types.php(33): Movie_Library\Features\Inc\Post_Types->register_post_types()
#3 /var/www/htdocs/wp-content/plugins/movie-library-features/inc/traits/trait-singleton.php(76): Movie_Library\Features\Inc\Post_Types->__construct()
#4 /var/www/htdocs/wp-content/plugins/movie-library-features/inc/classes/class-plugin.php(26): Movie_Library\Features\Inc\Post_Types::get_instance()
#5 /var/www/htd in /var/www/htdocs/wp-content/plugins/movie-library-features/inc/classes/post-types/class-base.php on line 25
[13-Sep-2021 13:25:16 UTC] PHP Notice:  is_embed was called <strong>incorrectly</strong>. Conditional query tags do not work before the query is run. Before then, they always return false. Please see <a href="https://wordpress.org/support/article/debugging-in-wordpress/">Debugging in WordPress</a> for more information. (This message was added in version 3.1.0.) in /var/www/htdocs/wp-includes/functions.php on line 5535
[13-Sep-2021 13:25:16 UTC] PHP Notice:  is_search was called <strong>incorrectly</strong>. Conditional query tags do not work before the query is run. Before then, they always return false. Please see <a href="https://wordpress.org/support/article/debugging-in-wordpress/">Debugging in WordPress</a> for more information. (This message was added in version 3.1.0.) in /var/www/htdocs/wp-includes/functions.php on line 5535
[13-Sep-2021 13:25:39 UTC] PHP Warning:  filemtime(): stat failed for /var/www/htdocs/wp-content/plugins/movie-library-features/assets/build/js/blocks.js in /var/www/htdocs/wp-content/plugins/movie-library-features/inc/classes/class-blocks.php on line 50
[13-Sep-2021 13:25:51 UTC] PHP Warning:  filemtime(): stat failed for /var/www/htdocs/wp-content/plugins/movie-library-features/assets/build/js/blocks.js in /var/www/htdocs/wp-content/plugins/movie-library-features/inc/classes/class-blocks.php on line 50
[13-Sep-2021 13:26:03 UTC] PHP Warning:  filemtime(): stat failed for /var/www/htdocs/wp-content/plugins/movie-library-features/assets/build/js/blocks.js in /var/www/htdocs/wp-content/plugins/movie-library-features/inc/classes/class-blocks.php on line 50
[13-Sep-2021 13:26:09 UTC] PHP Fatal error:  Uncaught ArgumentCountError: Too few arguments to function Movie_Library\Features\Inc\Post_Types\Base::create_person_taxonomy_term(), 1 passed in /var/www/htdocs/wp-includes/class-wp-hook.php on line 305 and exactly 2 expected in /var/www/htdocs/wp-content/plugins/movie-library-features/inc/classes/post-types/class-base.php:111
Stack trace:
#0 /var/www/htdocs/wp-includes/class-wp-hook.php(305): Movie_Library\Features\Inc\Post_Types\Base->create_person_taxonomy_term(28)
#1 /var/www/htdocs/wp-includes/class-wp-hook.php(327): WP_Hook->apply_filters('', Array)
#2 /var/www/htdocs/wp-includes/plugin.php(470): WP_Hook->do_action(Array)
#3 /var/www/htdocs/wp-includes/post.php(5148): do_action('publish_person', 28, Object(WP_Post))
#4 /var/www/htdocs/wp-includes/post.php(4368): wp_transition_post_status('publish', 'auto-draft', Object(WP_Post))
#5 /var/www/htdocs/wp-includes/post.php(4570): wp_insert_post(Array, true, false)
#6 /var/www/htdocs/wp-includes/rest-api/endpoints/class-wp-rest-posts-controller.php(821): wp_ in /var/www/htdocs/wp-content/plugins/movie-library-features/inc/classes/post-types/class-base.php on line 111
[13-Sep-2021 13:26:09 UTC] PHP Fatal error:  Uncaught ArgumentCountError: Too few arguments to function Movie_Library\Features\Inc\Post_Types\Base::create_person_taxonomy_term(), 1 passed in /var/www/htdocs/wp-includes/class-wp-hook.php on line 305 and exactly 2 expected in /var/www/htdocs/wp-content/plugins/movie-library-features/inc/classes/post-types/class-base.php:111
Stack trace:
#0 /var/www/htdocs/wp-includes/class-wp-hook.php(305): Movie_Library\Features\Inc\Post_Types\Base->create_person_taxonomy_term(28)
#1 /var/www/htdocs/wp-includes/class-wp-hook.php(327): WP_Hook->apply_filters('', Array)
#2 /var/www/htdocs/wp-includes/plugin.php(470): WP_Hook->do_action(Array)
#3 /var/www/htdocs/wp-includes/post.php(5148): do_action('publish_person', 28, Object(WP_Post))
#4 /var/www/htdocs/wp-includes/post.php(4368): wp_transition_post_status('publish', 'publish', Object(WP_Post))
#5 /var/www/htdocs/wp-includes/post.php(4570): wp_insert_post(Array, false, true)
#6 /var/www/htdocs/wp-admin/includes/post.php(423): wp_update_post(Array)
#7 /var/www/htdocs/wp-a in /var/www/htdocs/wp-content/plugins/movie-library-features/inc/classes/post-types/class-base.php on line 111
[13-Sep-2021 13:27:19 UTC] PHP Warning:  filemtime(): stat failed for /var/www/htdocs/wp-content/plugins/movie-library-features/assets/build/js/blocks.js in /var/www/htdocs/wp-content/plugins/movie-library-features/inc/classes/class-blocks.php on line 50
[13-Sep-2021 13:27:29 UTC] PHP Warning:  filemtime(): stat failed for /var/www/htdocs/wp-content/plugins/movie-library-features/assets/build/js/blocks.js in /var/www/htdocs/wp-content/plugins/movie-library-features/inc/classes/class-blocks.php on line 50
[13-Sep-2021 13:27:41 UTC] PHP Warning:  filemtime(): stat failed for /var/www/htdocs/wp-content/plugins/movie-library-features/assets/build/js/blocks.js in /var/www/htdocs/wp-content/plugins/movie-library-features/inc/classes/class-blocks.php on line 50
[13-Sep-2021 13:27:48 UTC] PHP Warning:  filemtime(): stat failed for /var/www/htdocs/wp-content/plugins/movie-library-features/assets/build/js/blocks.js in /var/www/htdocs/wp-content/plugins/movie-library-features/inc/classes/class-blocks.php on line 50
[13-Sep-2021 13:28:26 UTC] PHP Warning:  filemtime(): stat failed for /var/www/htdocs/wp-content/plugins/movie-library-features/assets/build/js/blocks.js in /var/www/htdocs/wp-content/plugins/movie-library-features/inc/classes/class-blocks.php on line 50
[13-Sep-2021 13:28:31 UTC] PHP Warning:  filemtime(): stat failed for /var/www/htdocs/wp-content/plugins/movie-library-features/assets/build/js/blocks.js in /var/www/htdocs/wp-content/plugins/movie-library-features/inc/classes/class-blocks.php on line 50
[13-Sep-2021 13:28:34 UTC] PHP Warning:  filemtime(): stat failed for /var/www/htdocs/wp-content/plugins/movie-library-features/assets/build/js/blocks.js in /var/www/htdocs/wp-content/plugins/movie-library-features/inc/classes/class-blocks.php on line 50
[13-Sep-2021 13:28:40 UTC] PHP Warning:  filemtime(): stat failed for /var/www/htdocs/wp-content/plugins/movie-library-features/assets/build/js/blocks.js in /var/www/htdocs/wp-content/plugins/movie-library-features/inc/classes/class-blocks.php on line 50
[13-Sep-2021 13:28:48 UTC] PHP Warning:  filemtime(): stat failed for /var/www/htdocs/wp-content/plugins/movie-library-features/assets/build/js/blocks.js in /var/www/htdocs/wp-content/plugins/movie-library-features/inc/classes/class-blocks.php on line 50
[13-Sep-2021 13:29:07 UTC] PHP Warning:  filemtime(): stat failed for /var/www/htdocs/wp-content/plugins/movie-library-features/assets/build/js/blocks.js in /var/www/htdocs/wp-content/plugins/movie-library-features/inc/classes/class-blocks.php on line 50
[13-Sep-2021 13:29:08 UTC] PHP Warning:  filemtime(): stat failed for /var/www/htdocs/wp-content/plugins/movie-library-features/assets/build/js/blocks.js in /var/www/htdocs/wp-content/plugins/movie-library-features/inc/classes/class-blocks.php on line 50
[13-Sep-2021 13:29:12 UTC] PHP Warning:  filemtime(): stat failed for /var/www/htdocs/wp-content/plugins/movie-library-features/assets/build/js/blocks.js in /var/www/htdocs/wp-content/plugins/movie-library-features/inc/classes/class-blocks.php on line 50
[13-Sep-2021 13:29:22 UTC] PHP Warning:  filemtime(): stat failed for /var/www/htdocs/wp-content/plugins/movie-library-features/assets/build/js/blocks.js in /var/www/htdocs/wp-content/plugins/movie-library-features/inc/classes/class-blocks.php on line 50
[13-Sep-2021 13:29:24 UTC] PHP Warning:  filemtime(): stat failed for /var/www/htdocs/wp-content/plugins/movie-library-features/assets/build/js/blocks.js in /var/www/htdocs/wp-content/plugins/movie-library-features/inc/classes/class-blocks.php on line 50
[13-Sep-2021 13:29:36 UTC] PHP Warning:  filemtime(): stat failed for /var/www/htdocs/wp-content/plugins/movie-library-features/assets/build/js/blocks.js in /var/www/htdocs/wp-content/plugins/movie-library-features/inc/classes/class-blocks.php on line 50
[13-Sep-2021 13:29:37 UTC] PHP Warning:  filemtime(): stat failed for /var/www/htdocs/wp-content/plugins/movie-library-features/assets/build/js/blocks.js in /var/www/htdocs/wp-content/plugins/movie-library-features/inc/classes/class-blocks.php on line 50
[13-Sep-2021 13:29:46 UTC] PHP Warning:  filemtime(): stat failed for /var/www/htdocs/wp-content/plugins/movie-library-features/assets/build/js/blocks.js in /var/www/htdocs/wp-content/plugins/movie-library-features/inc/classes/class-blocks.php on line 50
[13-Sep-2021 13:30:13 UTC] PHP Warning:  filemtime(): stat failed for /var/www/htdocs/wp-content/plugins/movie-library-features/assets/build/js/blocks.js in /var/www/htdocs/wp-content/plugins/movie-library-features/inc/classes/class-blocks.php on line 50
[13-Sep-2021 13:30:15 UTC] PHP Warning:  filemtime(): stat failed for /var/www/htdocs/wp-content/plugins/movie-library-features/assets/build/js/blocks.js in /var/www/htdocs/wp-content/plugins/movie-library-features/inc/classes/class-blocks.php on line 50
[13-Sep-2021 13:33:15 UTC] PHP Warning:  filemtime(): stat failed for /var/www/htdocs/wp-content/plugins/movie-library-features/assets/build/js/blocks.js in /var/www/htdocs/wp-content/plugins/movie-library-features/inc/classes/class-blocks.php on line 50
[13-Sep-2021 13:33:21 UTC] PHP Warning:  filemtime(): stat failed for /var/www/htdocs/wp-content/plugins/movie-library-features/assets/build/js/blocks.js in /var/www/htdocs/wp-content/plugins/movie-library-features/inc/classes/class-blocks.php on line 50
